<?xml version="1.0" encoding="UTF-8"?>
<!-- Generated by org.testng.reporters.JUnitXMLReporter -->
<testsuite ignored="6" hostname="P2908-W10" failures="0" tests="1" name="Default test" time="14.282" errors="0" timestamp="2021-10-14T09:43:02 CEST">
  <testcase classname="tests.TestControlesOperativos" name="actualizar" time="9.17"/>
  <testcase classname="tests.TestControlesOperativos" name="testControlesOperativos" time="0.0">
    <ignored/>
  </testcase> <!-- testControlesOperativos -->
  <testcase classname="tests.TestControlesOperativos" name="testComercioSeguro" time="0.0">
    <ignored/>
  </testcase> <!-- testComercioSeguro -->
  <testcase classname="tests.TestControlesOperativos" name="testContactless" time="0.0">
    <ignored/>
  </testcase> <!-- testContactless -->
  <testcase classname="tests.TestControlesOperativos" name="testRoaming" time="0.0">
    <ignored/>
  </testcase> <!-- testRoaming -->
  <testcase classname="tests.TestControlesOperativos" name="testOnOff" time="0.0">
    <ignored/>
  </testcase> <!-- testOnOff -->
  <testcase classname="tests.TestControlesOperativos" name="testComercioElectronico" time="0.0">
    <ignored/>
  </testcase> <!-- testComercioElectronico -->
</testsuite> <!-- Default test -->
