<?xml version="1.0" encoding="UTF-8"?>
<testng-results ignored="6" total="7" passed="1" failed="0" skipped="0">
  <reporter-output>
  </reporter-output>
  <suite started-at="2021-10-14T09:42:47 CEST" name="Default suite" finished-at="2021-10-14T09:43:02 CEST" duration-ms="14282">
    <groups>
    </groups>
    <test started-at="2021-10-14T09:42:47 CEST" name="Default test" finished-at="2021-10-14T09:43:02 CEST" duration-ms="14282">
      <class name="tests.TestControlesOperativos">
        <test-method is-config="true" signature="beforeMethod()[pri:0, instance:tests.TestControlesOperativos@693fe6c9]" started-at="2021-10-14T09:42:47 CEST" name="beforeMethod" finished-at="2021-10-14T09:42:52 CEST" duration-ms="4312" status="PASS">
          <reporter-output>
          </reporter-output>
        </test-method> <!-- beforeMethod -->
        <test-method signature="actualizar()[pri:0, instance:tests.TestControlesOperativos@693fe6c9]" started-at="2021-10-14T09:42:52 CEST" name="actualizar" finished-at="2021-10-14T09:43:01 CEST" duration-ms="9170" status="PASS">
          <reporter-output>
          </reporter-output>
        </test-method> <!-- actualizar -->
        <test-method is-config="true" signature="afterMethod()[pri:0, instance:tests.TestControlesOperativos@693fe6c9]" started-at="2021-10-14T09:43:01 CEST" name="afterMethod" finished-at="2021-10-14T09:43:02 CEST" duration-ms="756" status="PASS">
          <reporter-output>
          </reporter-output>
        </test-method> <!-- afterMethod -->
      </class> <!-- tests.TestControlesOperativos -->
    </test> <!-- Default test -->
  </suite> <!-- Default suite -->
</testng-results>
